<?xml version="1.0" encoding="UTF-8"?>
<!-- Generated by org.testng.reporters.JUnitReportReporter -->
<testsuite hostname="LAPTOP-DI0Q8O11" failures="0" tests="2" name="practice.practice1test" time="0.008" errors="0" timestamp="23 Sep 2022 09:33:47 GMT">
  <testcase classname="practice.practice1test" name="TestStep2test" time="0.001"/>
  <testcase classname="practice.practice1test" name="TestStep1test" time="0.007"/>
</testsuite> <!-- practice.practice1test -->
